[2026-03-22T18:39:15] [ERROR] SESSION EXPIRED DETECTED -> HARD RESET
[2026-03-22T18:49:55] [ERROR] SESSION EXPIRED DETECTED -> HARD RESET
[2026-03-22T19:04:56] [ERROR] SESSION EXPIRED DETECTED -> HARD RESET
[2026-03-22T20:03:42] [ERROR] SESSION EXPIRED DETECTED -> HARD RESET
[2026-03-22T20:14:12] [ERROR] SESSION EXPIRED DETECTED -> HARD RESET
[2026-03-22T20:34:53] [ERROR] SESSION EXPIRED DETECTED -> HARD RESET
[2026-03-22T20:35:38] [ERROR] SESSION EXPIRED DETECTED -> HARD RESET
[2026-03-22T20:39:07] [ERROR] SESSION EXPIRED DETECTED -> HARD RESET
[2026-03-22T20:43:08] [ERROR] SESSION EXPIRED DETECTED -> HARD RESET
[2026-03-22T20:48:24] [ERROR] SESSION EXPIRED DETECTED -> HARD RESET
[2026-03-22T20:49:38] [ERROR] SESSION EXPIRED DETECTED -> HARD RESET
[2026-03-22T20:54:23] [ERROR] SESSION EXPIRED DETECTED -> HARD RESET
[2026-03-22T20:56:38] [ERROR] SESSION EXPIRED DETECTED -> HARD RESET
[2026-03-22T21:14:23] [ERROR] SESSION EXPIRED DETECTED -> HARD RESET
[2026-03-22T22:06:58] [ERROR] SESSION EXPIRED DETECTED -> HARD RESET
[2026-03-22T22:25:38] [ERROR] SESSION EXPIRED DETECTED -> HARD RESET
[2026-03-23T00:44:23] [ERROR] SESSION EXPIRED DETECTED -> HARD RESET
[2026-03-23T01:46:07] [ERROR] SESSION EXPIRED DETECTED -> HARD RESET
[2026-03-23T02:47:41] [ERROR] SESSION EXPIRED DETECTED -> HARD RESET
[2026-03-23T03:49:14] [ERROR] SESSION EXPIRED DETECTED -> HARD RESET
[2026-03-23T04:50:54] [ERROR] SESSION EXPIRED DETECTED -> HARD RESET
[2026-03-23T05:52:26] [ERROR] SESSION EXPIRED DETECTED -> HARD RESET
[2026-03-23T06:53:57] [ERROR] SESSION EXPIRED DETECTED -> HARD RESET
[2026-03-23T09:16:40] [ERROR] BOOKING ERROR
[2026-03-23T09:16:40] [ERROR] page.waitForSelector: Timeout 120000ms exceeded.
Call log:
[2m  - waiting for locator('text=Wybierz') to be visible[22m

    at runBooker (C:\Users\kondo\Desktop\prawojazdy-bot\src\booker.js:380:14)
    at async runWatcher (C:\Users\kondo\Desktop\prawojazdy-bot\src\watcher.js:324:19)

[2026-03-23T09:24:59] [ERROR] BOOKING ERROR
[2026-03-23T09:24:59] [ERROR] Error: Nie znaleziono elementu: Sprawdź dostępność
    at clickByText (C:\Users\kondo\Desktop\prawojazdy-bot\src\booker.js:38:9)
    at async runBooker (C:\Users\kondo\Desktop\prawojazdy-bot\src\booker.js:310:5)
    at async runWatcher (C:\Users\kondo\Desktop\prawojazdy-bot\src\watcher.js:324:19)

[2026-03-23T10:34:19] [ERROR] BOOKING ERROR
[2026-03-23T10:34:19] [ERROR] Error: Nie znaleziono elementu: Sprawdź dostępność
    at clickByText (C:\Users\kondo\Desktop\prawojazdy-bot\src\booker.js:38:9)
    at async runBooker (C:\Users\kondo\Desktop\prawojazdy-bot\src\booker.js:310:5)
    at async runWatcher (C:\Users\kondo\Desktop\prawojazdy-bot\src\watcher.js:324:19)

[2026-03-23T11:31:37] [ERROR] SESSION EXPIRED DETECTED -> HARD RESET
[2026-03-23T12:33:07] [ERROR] SESSION EXPIRED DETECTED -> HARD RESET
[2026-03-23T13:34:46] [ERROR] Blad sieci podczas pobierania terminarza.
[2026-03-23T13:34:46] [ERROR] TypeError: fetch failed
    at node:internal/deps/undici/undici:13510:13
    at async fetchSchedule (C:\Users\kondo\Desktop\prawojazdy-bot\src\checker.js:90:20)
    at async fetchWithRetry (C:\Users\kondo\Desktop\prawojazdy-bot\src\checker.js:141:22)
    at async runWatcher (C:\Users\kondo\Desktop\prawojazdy-bot\src\watcher.js:203:28)

[2026-03-23T13:35:35] [ERROR] SESSION EXPIRED DETECTED -> HARD RESET
[2026-03-23T15:00:15] [ERROR] SESSION EXPIRED DETECTED -> HARD RESET
[2026-03-23T15:08:29] [ERROR] Blad podczas pobierania terminarza.
[2026-03-23T15:08:29] [ERROR] TypeError: Cannot read properties of null (reading 'cookies')
    at fetchSchedule (C:\Users\kondo\Desktop\prawojazdy-bot\src\checker.js:86:33)
    at C:\Users\kondo\Desktop\prawojazdy-bot\src\watcher.js:203:55
    at fetchWithRetry (C:\Users\kondo\Desktop\prawojazdy-bot\src\checker.js:141:28)
    at async runWatcher (C:\Users\kondo\Desktop\prawojazdy-bot\src\watcher.js:203:28)

[2026-03-23T15:13:52] [ERROR] SESSION EXPIRED DETECTED -> HARD RESET
[2026-03-23T16:15:20] [ERROR] SESSION EXPIRED DETECTED -> HARD RESET
[2026-03-23T18:55:08] [ERROR] SESSION EXPIRED DETECTED -> HARD RESET
[2026-03-23T19:10:13] [ERROR] Blad sieci podczas pobierania terminarza.
[2026-03-23T19:10:13] [ERROR] TypeError: fetch failed
    at node:internal/deps/undici/undici:13510:13
    at async fetchSchedule (C:\Users\kondo\Desktop\prawojazdy-bot\src\checker.js:90:20)
    at async fetchWithRetry (C:\Users\kondo\Desktop\prawojazdy-bot\src\checker.js:141:22)
    at async runWatcher (C:\Users\kondo\Desktop\prawojazdy-bot\src\watcher.js:213:28)

[2026-03-23T19:56:44] [ERROR] SESSION EXPIRED DETECTED -> HARD RESET
[2026-03-23T20:58:08] [ERROR] SESSION EXPIRED DETECTED -> HARD RESET
[2026-03-23T21:59:46] [ERROR] SESSION EXPIRED DETECTED -> HARD RESET
[2026-03-23T22:53:35] [ERROR] SESSION EXPIRED DETECTED -> HARD RESET
[2026-03-23T23:34:06] [ERROR] SESSION EXPIRED DETECTED -> HARD RESET
[2026-03-24T00:35:40] [ERROR] SESSION EXPIRED DETECTED -> HARD RESET
[2026-03-24T01:37:09] [ERROR] SESSION EXPIRED DETECTED -> HARD RESET
[2026-03-24T01:42:25] [ERROR] SESSION EXPIRED DETECTED -> HARD RESET
[2026-03-24T01:47:51] [ERROR] SESSION EXPIRED DETECTED -> HARD RESET
[2026-03-24T02:49:25] [ERROR] SESSION EXPIRED DETECTED -> HARD RESET
[2026-03-24T03:19:51] [ERROR] SESSION EXPIRED DETECTED -> HARD RESET
[2026-03-24T04:21:23] [ERROR] SESSION EXPIRED DETECTED -> HARD RESET
[2026-03-24T05:22:54] [ERROR] SESSION EXPIRED DETECTED -> HARD RESET
[2026-03-24T06:24:24] [ERROR] SESSION EXPIRED DETECTED -> HARD RESET
[2026-03-24T07:04:54] [ERROR] SESSION EXPIRED DETECTED -> HARD RESET
[2026-03-24T08:06:19] [ERROR] SESSION EXPIRED DETECTED -> HARD RESET
[2026-03-24T09:01:15] [ERROR] Blad sieci podczas pobierania terminarza.
[2026-03-24T09:01:15] [ERROR] TypeError: fetch failed
    at node:internal/deps/undici/undici:13510:13
    at async fetchSchedule (C:\Users\kondo\Desktop\prawojazdy-bot\src\checker.js:90:20)
    at async fetchWithRetry (C:\Users\kondo\Desktop\prawojazdy-bot\src\checker.js:141:22)
    at async runWatcher (C:\Users\kondo\Desktop\prawojazdy-bot\src\watcher.js:213:28)

[2026-03-24T09:47:34] [ERROR] SESSION EXPIRED DETECTED -> HARD RESET
[2026-03-24T09:49:58] [ERROR] Blad podczas pobierania terminarza.
[2026-03-24T09:49:58] [ERROR] TypeError: Cannot read properties of null (reading 'cookies')
    at fetchSchedule (C:\Users\kondo\Desktop\prawojazdy-bot\src\checker.js:86:33)
    at C:\Users\kondo\Desktop\prawojazdy-bot\src\watcher.js:213:55
    at fetchWithRetry (C:\Users\kondo\Desktop\prawojazdy-bot\src\checker.js:141:28)
    at async runWatcher (C:\Users\kondo\Desktop\prawojazdy-bot\src\watcher.js:213:28)

[2026-03-24T10:00:39] [ERROR] SESSION EXPIRED DETECTED -> HARD RESET
[2026-03-24T10:25:24] [ERROR] SESSION EXPIRED DETECTED -> HARD RESET
[2026-03-24T10:59:53] [ERROR] SESSION EXPIRED DETECTED -> HARD RESET
[2026-03-24T12:04:31] [ERROR] SESSION EXPIRED DETECTED -> HARD RESET
[2026-03-24T13:06:20] [ERROR] SESSION EXPIRED DETECTED -> HARD RESET
[2026-03-24T17:12:21] [ERROR] SESSION EXPIRED DETECTED -> HARD RESET
[2026-03-24T18:14:04] [ERROR] SESSION EXPIRED DETECTED -> HARD RESET
[2026-03-24T22:56:40] [ERROR] SESSION EXPIRED DETECTED -> HARD RESET
[2026-03-24T23:58:15] [ERROR] SESSION EXPIRED DETECTED -> HARD RESET
[2026-03-25T00:59:47] [ERROR] SESSION EXPIRED DETECTED -> HARD RESET
[2026-03-25T01:43:29] [ERROR] Blad sieci podczas pobierania terminarza.
[2026-03-25T01:43:29] [ERROR] TypeError: fetch failed
    at node:internal/deps/undici/undici:13510:13
    at process.processTicksAndRejections (node:internal/process/task_queues:95:5)
    at async fetchSchedule (C:\Users\kondo\Desktop\prawojazdy-bot\src\checker.js:90:20)
    at async fetchWithRetry (C:\Users\kondo\Desktop\prawojazdy-bot\src\checker.js:141:22)
    at async runWatcher (C:\Users\kondo\Desktop\prawojazdy-bot\src\watcher.js:214:28)

[2026-03-25T02:01:16] [ERROR] SESSION EXPIRED DETECTED -> HARD RESET
[2026-03-25T03:02:43] [ERROR] SESSION EXPIRED DETECTED -> HARD RESET
[2026-03-25T04:04:15] [ERROR] SESSION EXPIRED DETECTED -> HARD RESET
[2026-03-25T05:05:50] [ERROR] SESSION EXPIRED DETECTED -> HARD RESET
[2026-03-25T06:07:32] [ERROR] SESSION EXPIRED DETECTED -> HARD RESET
[2026-03-25T07:09:00] [ERROR] SESSION EXPIRED DETECTED -> HARD RESET
[2026-03-25T08:21:33] [ERROR] SESSION EXPIRED DETECTED -> HARD RESET
[2026-03-25T10:51:08] [ERROR] Blad sieci podczas pobierania terminarza.
[2026-03-25T10:51:08] [ERROR] TypeError: fetch failed
    at node:internal/deps/undici/undici:13510:13
    at process.processTicksAndRejections (node:internal/process/task_queues:95:5)
    at async fetchSchedule (C:\Users\kondo\Desktop\prawojazdy-bot\src\checker.js:90:20)
    at async fetchWithRetry (C:\Users\kondo\Desktop\prawojazdy-bot\src\checker.js:141:22)
    at async runWatcher (C:\Users\kondo\Desktop\prawojazdy-bot\src\watcher.js:641:28)

[2026-03-25T10:52:38] [ERROR] Blad sieci podczas pobierania terminarza.
[2026-03-25T10:52:38] [ERROR] TypeError: fetch failed
    at node:internal/deps/undici/undici:13510:13
    at process.processTicksAndRejections (node:internal/process/task_queues:95:5)
    at async fetchSchedule (C:\Users\kondo\Desktop\prawojazdy-bot\src\checker.js:90:20)
    at async fetchWithRetry (C:\Users\kondo\Desktop\prawojazdy-bot\src\checker.js:141:22)
    at async runWatcher (C:\Users\kondo\Desktop\prawojazdy-bot\src\watcher.js:641:28)

[2026-03-25T11:07:01] [ERROR] Blad sieci podczas pobierania terminarza.
[2026-03-25T11:07:01] [ERROR] TypeError: fetch failed
    at node:internal/deps/undici/undici:13510:13
    at process.processTicksAndRejections (node:internal/process/task_queues:95:5)
    at async fetchSchedule (C:\Users\kondo\Desktop\prawojazdy-bot\src\checker.js:90:20)
    at async fetchWithRetry (C:\Users\kondo\Desktop\prawojazdy-bot\src\checker.js:141:22)
    at async runWatcher (C:\Users\kondo\Desktop\prawojazdy-bot\src\watcher.js:641:28)

[2026-03-25T11:09:06] [ERROR] Blad sieci podczas pobierania terminarza.
[2026-03-25T11:09:06] [ERROR] TypeError: fetch failed
    at node:internal/deps/undici/undici:13510:13
    at process.processTicksAndRejections (node:internal/process/task_queues:95:5)
    at async fetchSchedule (C:\Users\kondo\Desktop\prawojazdy-bot\src\checker.js:90:20)
    at async fetchWithRetry (C:\Users\kondo\Desktop\prawojazdy-bot\src\checker.js:141:22)
    at async runWatcher (C:\Users\kondo\Desktop\prawojazdy-bot\src\watcher.js:641:28)

[2026-03-25T11:10:39] [ERROR] TOO MANY FETCH FAILURES -> HARD RESET
[2026-03-25T11:10:40] [ERROR] Blad sieci podczas pobierania terminarza.
[2026-03-25T11:10:40] [ERROR] TypeError: fetch failed
    at node:internal/deps/undici/undici:13510:13
    at process.processTicksAndRejections (node:internal/process/task_queues:95:5)
    at async fetchSchedule (C:\Users\kondo\Desktop\prawojazdy-bot\src\checker.js:90:20)
    at async fetchWithRetry (C:\Users\kondo\Desktop\prawojazdy-bot\src\checker.js:141:22)
    at async runWatcher (C:\Users\kondo\Desktop\prawojazdy-bot\src\watcher.js:641:28)

[2026-03-25T12:02:01] [ERROR] SESSION EXPIRED DETECTED -> HARD RESET
[2026-03-25T12:16:13] [ERROR] SESSION EXPIRED DETECTED -> HARD RESET
